\BOOKMARK [1][-]{section.1}{\376\377\000C\000o\000d\000e\000f\000o\000r\000c\000e\000s\000-\0001\0006\0005\000E\000\040\000C\000o\000m\000p\000a\000t\000i\000b\000l\000e\000\040\000n\000u\000m\000b\000e\000r\000s}{}% 1
\BOOKMARK [1][-]{section.2}{\376\377\000P\000O\000J\000-\0003\0007\0008\0006\000\040\000A\000d\000j\000a\000c\000e\000n\000t\000\040\000B\000i\000t\000\040\000C\000o\000u\000n\000t\000s}{}% 2
\BOOKMARK [1][-]{section.3}{\376\377\220\123\215\357\117\356\136\372}{}% 3
\BOOKMARK [1][-]{section.4}{\376\377\000B\000Z\000O\000J\000-\0001\0000\0008\0007\000\040\116\222\116\015\117\265\162\257\000k\000i\000n\000g}{}% 4
\BOOKMARK [1][-]{section.5}{\376\377\000L\000u\000o\000g\000u\000-\0003\0000\0004\0007\000\040\000U\000S\000A\000C\000O\0001\0002\000F\000E\000B\000-\226\104\217\321\166\204\162\133}{}% 5
\BOOKMARK [1][-]{section.6}{\376\377\000P\000O\000I\0002\0000\0001\0003\000\040\000B\000A\000J\000-\000B\000y\000t\000e\000c\000o\000m\000p\000u\000t\000e\000r}{}% 6
\BOOKMARK [1][-]{section.7}{\376\377\000C\000o\000d\000e\000f\000o\000r\000c\000e\000s\0008\0000\0002\000D\000-\000S\000e\000n\000d\000\040\000t\000h\000e\000\040\000F\000o\000o\000l\000\040\000F\000u\000r\000t\000h\000e\000r\000!\000\050\000m\000e\000d\000i\000u\000m\000\051}{}% 7
\BOOKMARK [1][-]{section.8}{\376\377\000C\000o\000d\000e\000f\000o\000r\000c\000e\000s\0005\0004\0003\000D\000-\000R\000o\000a\000d\000\040\000I\000m\000p\000r\000o\000v\000e\000m\000e\000n\000t}{}% 8
\BOOKMARK [1][-]{section.9}{\376\377\000H\000N\000O\000I\0002\0000\0001\0000\000-\000C\000H\000O\000R\000U\000S\000\040\124\010\125\061\226\037}{}% 9
\BOOKMARK [1][-]{section.10}{\376\377\000C\000o\000d\000e\000F\000o\000r\000c\000e\000s\0001\0004\0009\000D\000-\000C\000o\000l\000o\000r\000i\000n\000g\000\040\000B\000r\000a\000c\000k\000e\000t\000s}{}% 10
\BOOKMARK [1][-]{section.11}{\376\377\000S\000D\000O\000I\0002\0000\0000\0009\000-\000H\000H\166\204\230\171\224\376}{}% 11
\BOOKMARK [1][-]{section.12}{\376\377\000C\000o\000d\000e\000f\000o\000r\000c\000e\000s\0004\0004\0004\000C\000-\000D\000Z\000Y\000\040\000L\000o\000v\000e\000s\000\040\000C\000o\000l\000o\000r\000s}{}% 12
\BOOKMARK [1][-]{section.13}{\376\377\000B\000Z\000O\000J\0001\0002\0003\0000\000-\137\000\121\163\160\157}{}% 13
\BOOKMARK [1][-]{section.14}{\376\377\000U\000O\000J\000-\0002\0002\0008\000\040\127\372\170\100\145\160\143\156\176\323\147\204\176\303\116\140\230\230}{}% 14
\BOOKMARK [1][-]{section.15}{\376\377\000P\000O\000I\0002\0000\0001\0004\000-\000K\000A\000R\000-\000C\000a\000r\000d\000s}{}% 15
\BOOKMARK [1][-]{section.16}{\376\377\000m\000i\000n\000i\000m\000u\000m}{}% 16
\BOOKMARK [1][-]{section.17}{\376\377\000C\000o\000d\000e\000f\000o\000r\000c\000e\000s\000-\0005\0002\0002\000D\000\040\000C\000l\000o\000s\000e\000t\000\040\000E\000q\000u\000a\000l\000s}{}% 17
\BOOKMARK [1][-]{section.18}{\376\377\000C\000o\000d\000e\000f\000o\000r\000c\000e\000s\000-\0007\0005\0006\000C\000\040\000N\000i\000k\000i\000t\000a\000\040\000a\000n\000d\000\040\000s\000t\000a\000c\000k}{}% 18
\BOOKMARK [1][-]{section.19}{\376\377\000C\000o\000d\000e\000f\000o\000r\000c\000e\000s\000-\0007\0000\0003\000D\000\040\000M\000i\000s\000h\000k\000a\000\040\000a\000n\000d\000\040\000I\000n\000t\000e\000r\000e\000s\000t\000i\000n\000g\000\040\000s\000u\000m}{}% 19
\BOOKMARK [1][-]{section.20}{\376\377\000S\000C\000O\000I\0002\0000\0001\0000\000-\136\217\122\027\144\315\117\134}{}% 20
\BOOKMARK [1][-]{section.21}{\376\377\000C\000o\000d\000e\000f\000o\000r\000c\000e\000s\0007\0003\0009\000C\000-\000A\000l\000y\000o\000n\000a\000\040\000a\000n\000d\000\040\000t\000o\000w\000e\000r\000s}{}% 21
\BOOKMARK [1][-]{section.22}{\376\377\0005\0001\000n\000o\000d\0001\0004\0006\0003\000-\142\176\147\013\123\313}{}% 22
\BOOKMARK [1][-]{section.23}{\376\377\000B\000Z\000O\000J\0004\0005\0005\0001\000-\000H\000E\000O\000I\0002\0000\0001\0006\000\040\150\021}{}% 23
\BOOKMARK [1][-]{section.24}{\376\377\000C\000o\000d\000e\000f\000o\000r\000c\000e\000s\0007\0005\0005\000D\000-\000P\000o\000l\000a\000n\000d\000B\000a\000l\000l\000\040\000a\000n\000d\000\040\000P\000o\000l\000y\000g\000o\000n}{}% 24
\BOOKMARK [1][-]{section.25}{\376\377\000C\000o\000d\000e\000f\000o\000r\000c\000e\000s\0007\0002\0005\000D\000-\000C\000o\000n\000t\000e\000s\000t\000\040\000B\000a\000l\000l\000o\000o\000n\000s}{}% 25
\BOOKMARK [1][-]{section.26}{\376\377\155\033\214\067\0002\0006\0005\0007\000-\117\116\131\064\116\000\145\317}{}% 26
\BOOKMARK [1][-]{section.27}{\376\377\000C\000o\000d\000e\000f\000o\000r\000c\000e\000s\0006\0002\0005\000D\000-\000N\000e\000s\000t\000e\000d\000\040\000S\000e\000g\000m\000e\000n\000t\000s}{}% 27
\BOOKMARK [1][-]{section.28}{\376\377\000B\000Z\000O\000J\0003\0001\0009\0002\000-\000J\000L\000O\000I\0002\0000\0001\0003\122\040\226\144\162\151\124\301}{}% 28
\BOOKMARK [1][-]{section.29}{\376\377\000B\000Z\000O\000J\0001\0000\0003\0006\000-\000Z\000J\000O\000I\0002\0000\0000\0008\150\021\166\204\176\337\213\241}{}% 29
\BOOKMARK [1][-]{section.30}{\376\377\000B\000Z\000O\000J\0004\0000\0003\0004\000-\000H\000A\000O\000I\0002\0000\0001\0005\150\021\116\012\144\315\117\134}{}% 30
\BOOKMARK [1][-]{section.31}{\376\377\000P\000O\000J\0003\0003\0002\0001\000-\000A\000p\000p\000l\000e\000\040\000T\000r\000e\000e}{}% 31
\BOOKMARK [1][-]{section.32}{\376\377\000S\000D\000O\000I\0002\0000\0001\0007\000-\166\370\121\163\122\006\147\220}{}% 32
\BOOKMARK [1][-]{section.33}{\376\377\226\305\171\074\226\306\213\255\0002\0000\0001\0007\000D\000a\000y\0001\000-\136\002\127\072\000\040}{}% 33
\BOOKMARK [1][-]{section.34}{\376\377\000U\000S\000A\000C\000O\0001\0001\000D\000E\000C\000-\162\147\203\111\171\315\151\015\000G\000r\000a\000s\000s\000\040\000P\000l\000a\000n\000t\000i\000n\000g}{}% 34
\BOOKMARK [1][-]{section.35}{\376\377\000H\000D\000U\0005\0003\0000\0006\000-\000G\000o\000r\000g\000e\000o\000u\000s\000\040\000S\000e\000q\000u\000e\000n\000c\000e}{}% 35
\BOOKMARK [1][-]{section.36}{\376\377\000N\000O\000I\0002\0000\0001\0005\000-\217\157\116\366\123\005\173\241\164\006\126\150}{}% 36
\BOOKMARK [1][-]{section.37}{\376\377\000S\000D\000O\000I\0002\0000\0001\0001\000-\147\323\202\162}{}% 37
\BOOKMARK [1][-]{section.38}{\376\377\000B\000Z\000O\000J\0003\0000\0008\0003\000-\220\145\217\334\166\204\126\375\136\246}{}% 38
\BOOKMARK [1][-]{section.39}{\376\377\0005\0001\000n\000o\000d\0001\0004\0006\0002\000-\150\021\143\156\176\323\147\204}{}% 39
\BOOKMARK [1][-]{section.40}{\376\377\000C\000Q\000O\000I\0002\0000\0001\0005\000-\116\373\122\241\147\345\213\342\174\373\176\337}{}% 40
\BOOKMARK [1][-]{section.41}{\376\377\000S\000H\000O\000I\0002\0000\0001\0005\000-\201\021\155\036\154\273\165\227\116\352}{}% 41
\BOOKMARK [1][-]{section.42}{\376\377\000B\000Z\000O\000J\0003\0008\0008\0004\000-\116\012\136\035\116\016\226\306\124\010\166\204\153\143\170\156\165\050\154\325}{}% 42
\BOOKMARK [1][-]{section.43}{\376\377\000S\000H\000O\000I\0002\0000\0001\0007\000-\166\370\220\042\146\057\225\356\120\031}{}% 43
\BOOKMARK [1][-]{section.44}{\376\377\000N\000O\000I\0002\0000\0001\0004\000-\215\167\136\212\126\360\226\276\176\374\124\010\165\307}{}% 44
\BOOKMARK [1][-]{section.45}{\376\377\000C\000o\000d\000e\000f\000o\000r\000c\000e\000s\0004\0003\0008\000D\000-\000T\000h\000e\000\040\000C\000h\000i\000l\000d\000\040\000a\000n\000d\000\040\000S\000e\000q\000u\000e\000n\000c\000e}{}% 45
\BOOKMARK [1][-]{section.46}{\376\377\000H\000D\000U\0005\0006\0003\0004\000-\000R\000i\000k\000k\000a\000\040\000w\000i\000t\000h\000\040\000P\000h\000i\000\040}{}% 46
\BOOKMARK [1][-]{section.47}{\376\377\000S\000D\000O\000I\0002\0001\0000\0004\000-\145\305\210\114}{}% 47
\BOOKMARK [1][-]{section.48}{\376\377\0005\0001\000n\000o\000d\0001\0003\0008\0002\000-\143\141\167\363\133\120}{}% 48
\BOOKMARK [1][-]{section.49}{\376\377\000C\000o\000d\000e\000v\000s\0003\0000\0004\0004\000-\167\351\137\142\227\142\171\357\136\166}{}% 49
\BOOKMARK [1][-]{section.50}{\376\377\000H\000D\000U\000-\0001\0002\0005\0005\000\040\167\351\137\142\227\142\171\357\116\244}{}% 50
\BOOKMARK [1][-]{section.51}{\376\377\000H\000D\000U\000-\0001\0008\0002\0008\000\040\167\351\137\142\124\150\225\177\136\166}{}% 51
\BOOKMARK [1][-]{section.52}{\376\377\000C\000o\000d\000e\000f\000o\000r\000c\000e\000s\0007\0001\0008\000C\000-\000S\000a\000s\000h\000a\000\040\000a\000n\000d\000\040\000A\000r\000r\000a\000y}{}% 52
\BOOKMARK [1][-]{section.53}{\376\377\000N\000o\000i\0002\0000\0001\0006\000-\123\072\225\364}{}% 53
\BOOKMARK [1][-]{section.54}{\376\377\000C\000o\000d\000e\000f\000o\000r\000c\000e\000s\0004\0001\0003\000E\000-\000M\000a\000z\000e\000\040\0002\000D}{}% 54
\BOOKMARK [1][-]{section.55}{\376\377\000P\000O\000I\0001\0001\000-\000R\000o\000t\000\040\000T\000r\000e\000e\000\040\000R\000o\000t\000a\000t\000i\000o\000n\000s}{}% 55
\BOOKMARK [1][-]{section.56}{\376\377\000H\000N\000O\000I\000-\154\070\145\340\116\141}{}% 56
\BOOKMARK [1][-]{section.57}{\376\377\000U\000S\000A\000C\000O\000-\000P\000r\000o\000m\000o\000t\000i\000o\000n\000\040\000C\000o\000u\000n\000t\000i\000n\000g}{}% 57
\BOOKMARK [1][-]{section.58}{\376\377\000L\000i\000b\000r\000e\000o\000j\000-\131\047\207\215\124\010}{}% 58
\BOOKMARK [1][-]{section.59}{\376\377\000C\000S\000U\0001\0008\0001\0001\000-\000T\000r\000e\000e\000\040\000I\000n\000t\000e\000r\000s\000e\000c\000t\000i\000o\000n}{}% 59
\BOOKMARK [1][-]{section.60}{\376\377\000H\000D\000U\0005\0007\0000\0003\000-\000C\000l\000a\000r\000i\000s\000\040\000L\000o\000v\000e\000s\000\040\000P\000a\000i\000n\000t\000i\000n\000g}{}% 60
\BOOKMARK [1][-]{section.61}{\376\377\000C\000o\000d\000e\000f\000o\000r\000c\000e\000s\0007\0006\0002\000E\000-\000R\000a\000i\000o\000n\000\040\000s\000t\000a\000t\000i\000o\000n\000s}{}% 61
\BOOKMARK [1][-]{section.62}{\376\377\000N\000o\000i\0002\0000\0000\0004\000\040\220\301\225\367\166\204\121\372\176\263\124\130}{}% 62
\BOOKMARK [1][-]{section.63}{\376\377\000U\000S\000A\000C\000O\000\040\000G\000o\000u\000r\000m\000e\000t\000\040\000G\000r\000a\000z\000e\000r\000s}{}% 63
\BOOKMARK [1][-]{section.64}{\376\377\000U\000S\000A\000C\000O\000\040\000C\000o\000w\000\040\000N\000e\000i\000g\000h\000b\000o\000r\000h\000o\000o\000d\000s}{}% 64
\BOOKMARK [1][-]{section.65}{\376\377\000B\000Z\000O\000J\000-\116\214\220\074\136\163\210\141\150\021}{}% 65
\BOOKMARK [1][-]{section.66}{\376\377\000V\000i\000j\000o\000s\000\040\217\146\134\125}{}% 66
\BOOKMARK [1][-]{section.67}{\376\377\000C\000Q\000O\000I\0002\0000\0001\0001\000-\122\250\140\001\220\006\136\217\133\371}{}% 67
\BOOKMARK [1][-]{section.68}{\376\377\000B\000Z\000O\000J\0003\0002\0006\0002\000-\226\114\116\012\202\261\137\000}{}% 68
\BOOKMARK [1][-]{section.69}{\376\377\000B\000Z\000O\000J\0002\0001\0002\0000\000-\145\160\230\234\202\162}{}% 69
\BOOKMARK [1][-]{section.70}{\376\377\000C\000T\000S\000C\0002\0000\0000\0008\000-\177\121\176\334\173\241\164\006}{}% 70
\BOOKMARK [1][-]{section.71}{\376\377\000P\000O\000I\0002\0000\0001\0002\000-\000S\000Z\000A\000-\000C\000l\000o\000a\000k\000r\000o\000o\000m}{}% 71
\BOOKMARK [1][-]{section.72}{\376\377\000B\000Z\000O\000J\0002\0001\0004\0001\000-\143\222\226\037}{}% 72
\BOOKMARK [1][-]{section.73}{\376\377\000B\000Z\000O\000J\0003\0001\0001\0000\000-\000K\131\047\145\160\147\345\213\342}{}% 73
\BOOKMARK [1][-]{section.74}{\376\377\000B\000Z\000O\000J\0003\0005\0002\0004\000-\000C\000o\000u\000r\000i\000e\000r\000s}{}% 74
\BOOKMARK [1][-]{section.75}{\376\377\000B\000Z\000O\000J\0002\0005\0008\0008\000-\000C\000o\000u\000n\000t\000\040\000o\000n\000\040\000a\000\040\000t\000r\000e\000e}{}% 75
\BOOKMARK [1][-]{section.76}{\376\377\000S\000P\000O\000J\000-\000T\000o\000\040\000t\000h\000e\000\040\000M\000o\000o\000n}{}% 76
\BOOKMARK [1][-]{section.77}{\376\377\000H\000D\000U\0005\0007\0002\0006\000-\000G\000C\000D}{}% 77
\BOOKMARK [1][-]{section.78}{\376\377\000Z\000O\000J\000-\000D\000y\000n\000a\000m\000i\000c\000\040\000R\000a\000n\000k\000i\000n\000g}{}% 78
\BOOKMARK [1][-]{section.79}{\376\377\000C\000o\000d\000e\000C\000h\000e\000f\000-\000D\000y\000n\000a\000m\000i\000c\000\040\000G\000C\000D}{}% 79
\BOOKMARK [1][-]{section.80}{\376\377\000A\000P\000I\000O\0002\0000\0001\0002\000-\000d\000i\000s\000p\000a\000t\000c\000h\000i\000n\000g}{}% 80
\BOOKMARK [1][-]{section.81}{\376\377\000B\000Z\000O\000J\000-\145\207\202\172\136\163\210\141\150\021}{}% 81
\BOOKMARK [1][-]{section.82}{\376\377\000B\000Z\000O\000J\0001\0002\0005\0001\000-\136\217\122\027\176\310\176\323\200\005}{}% 82
\BOOKMARK [1][-]{section.83}{\376\377\000C\000o\000d\000e\000v\000s\0001\0007\0004\0003\000-\123\315\217\154\123\141\162\107}{}% 83
\BOOKMARK [1][-]{section.84}{\376\377\000C\000Q\000O\000I\0002\0000\0001\0004\000-\000R\000o\000b\000o\000t\000i\000c\000\040\000s\000o\000r\000t}{}% 84
\BOOKMARK [1][-]{section.85}{\376\377\000B\000Z\000O\000J\0001\0008\0006\0001\000-\000[\000Z\000J\000O\000I\0002\0000\0000\0006\000]\000B\000o\000o\000k\000\040\116\146\147\266}{}% 85
\BOOKMARK [1][-]{section.86}{\376\377\000P\000O\000J\000-\0003\0005\0008\0000\000\040\000S\000u\000p\000e\000r\000M\000e\000m\000o}{}% 86
\BOOKMARK [1][-]{section.87}{\376\377\000N\000o\000i\0002\0000\0000\0005\000-\176\364\117\356\145\160\122\027}{}% 87
\BOOKMARK [1][-]{section.88}{\376\377\000H\000N\000O\000I\0002\0000\0001\0001\000-\142\354\123\367\117\356\131\015}{}% 88
\BOOKMARK [1][-]{section.89}{\376\377\000B\000Z\000O\000J\0001\0002\0006\0009\000-\145\207\147\054\177\026\217\221\126\150\000e\000d\000i\000t\000o\000r}{}% 89
\BOOKMARK [1][-]{section.90}{\376\377\000B\000Z\000O\000J\0001\0008\0006\0002\000-\000[\000Z\000J\000O\000I\0002\0000\0000\0007\000]\000G\000a\000m\000e\000Z\156\070\142\017\143\222\124\015\174\373\176\337}{}% 90
\BOOKMARK [1][-]{section.91}{\376\377\000T\000J\000o\000i\0002\0000\0001\0003\000-\147\000\225\177\116\012\123\107\133\120\136\217\122\027}{}% 91
\BOOKMARK [1][-]{section.92}{\376\377\000U\000v\000a\0001\0001\0009\0002\0002\000-\000P\000r\000e\000m\000u\000t\000a\000t\000i\000o\000n\000\040\000T\000r\000a\000n\000s\000f\000o\000r\000m\000e\000r}{}% 92
\BOOKMARK [1][-]{section.93}{\376\377\000P\000O\000J\0001\0007\0004\0001\000-\000T\000r\000e\000e}{}% 93
\BOOKMARK [1][-]{section.94}{\376\377\000S\000D\000O\000I\0002\0000\0001\0003\000-\150\356\147\227}{}% 94
\BOOKMARK [1][-]{section.95}{\376\377\000B\000Z\000O\000J\0003\0006\0007\0003\000-\123\357\143\001\116\105\123\026\136\166\147\345\226\306}{}% 95
\BOOKMARK [1][-]{section.96}{\376\377\000L\000i\000b\000r\000e\000O\000J\0002\0001\0007\0004\000-\171\136\171\330\145\160}{}% 96
\BOOKMARK [1][-]{section.97}{\376\377\000B\000Z\000O\000J\0003\0002\0000\0007\000-\202\261\171\136\166\204\126\062\213\275\213\241\122\022}{}% 97
\BOOKMARK [1][-]{section.98}{\376\377\000B\000Z\000O\000J\0002\0006\0005\0003\000-\000m\000i\000d\000d\000l\000e}{}% 98
\BOOKMARK [1][-]{section.99}{\376\377\000B\000Z\000O\000J\0003\0001\0003\0002\000-\116\012\136\035\220\040\230\230\166\204\116\003\122\006\224\237}{}% 99
\BOOKMARK [1][-]{section.100}{\376\377\000B\000Z\000O\000J\0002\0000\0000\0002\000-\000B\000o\000u\000n\000c\000e}{}% 100
\BOOKMARK [1][-]{section.101}{\376\377\000B\000Z\000O\000J\0002\0008\0004\0003\000-\147\201\127\060\145\305\210\114\171\076}{}% 101
\BOOKMARK [1][-]{section.102}{\376\377\000B\000Z\000O\000J\0002\0006\0003\0001\000-\000T\000r\000e\000e}{}% 102
\BOOKMARK [1][-]{section.103}{\376\377\000S\000D\000O\000I\0002\0000\0000\0008\000-\000C\000a\000v\000e}{}% 103
\BOOKMARK [1][-]{section.104}{\376\377\000N\000o\000i\0002\0000\0001\0004\000-\233\124\154\325\150\356\147\227}{}% 104
\BOOKMARK [1][-]{section.105}{\376\377\000B\000J\000O\000I\0002\0000\0001\0004\000-\131\047\207\215\124\010}{}% 105
\BOOKMARK [1][-]{section.106}{\376\377\000B\000Z\000O\000J\0003\0006\0005\0001\000-\177\121\176\334\220\032\117\341}{}% 106
\BOOKMARK [1][-]{section.107}{\376\377\000B\000Z\000O\000J\0002\0005\0009\0004\000-\000W\000C\0000\0006\154\064\173\241\134\100\225\177\122\240\137\072\162\110}{}% 107
\BOOKMARK [1][-]{section.108}{\376\377\000B\000Z\000O\000J\0002\0008\0001\0006\000-\177\121\176\334}{}% 108
\BOOKMARK [1][-]{section.109}{\376\377\000B\000Z\000O\000J\0002\0009\0005\0009\000-\225\177\215\321}{}% 109
\BOOKMARK [1][-]{section.110}{\376\377\000B\000Z\000O\000J\0004\0006\0006\0008\000-\121\267\142\030}{}% 110
\BOOKMARK [1][-]{section.111}{\376\377\000B\000Z\000O\000J\0004\0008\0001\0007\000-\150\021\160\271\155\202\202\162}{}% 111
\BOOKMARK [1][-]{section.112}{\376\377\000B\000Z\000O\000J\0004\0000\0002\0005\000-\116\214\122\006\126\376}{}% 112
\BOOKMARK [1][-]{section.113}{\376\377\000B\000Z\000O\000J\0003\0005\0001\0004\000-\000C\000o\000d\000e\000c\000h\000e\000f\000\040\000M\000A\000R\000C\000H\0001\0004\000\040\000G\000E\000R\000A\000L\000D\0000\0007}{}% 113
\BOOKMARK [1][-]{section.114}{\376\377\000S\000P\000O\000J\000-\000Q\000u\000e\000r\000y\000\040\000o\000n\000\040\000t\000h\000e\000\040\000t\000r\000e\000e\000\040\000V\000I\000I}{}% 114
\BOOKMARK [1][-]{section.115}{\376\377\000B\000Z\000O\000J\0003\0009\0009\0006\000-\000T\000J\0001\0005\176\277\140\047\116\343\145\160}{}% 115
\BOOKMARK [1][-]{section.116}{\376\377\000B\000Z\000O\000J\0001\0004\0009\0007\000-\000N\000o\000i\0000\0006\147\000\131\047\203\267\122\051}{}% 116
\BOOKMARK [1][-]{section.117}{\376\377\000B\000Z\000O\000J\0001\0004\0005\0008\000-\130\353\121\165\123\140\230\206}{}% 117
\BOOKMARK [1][-]{section.118}{\376\377\000B\000Z\000O\000J\0002\0004\0000\0000\000-\000O\000p\000t\000i\000m\000a\000l\000\040\000M\000a\000r\000k\000s}{}% 118
\BOOKMARK [1][-]{section.119}{\376\377\000B\000Z\000O\000J\0001\0002\0008\0000\000-\000E\000m\000m\000y\123\126\163\052}{}% 119
\BOOKMARK [1][-]{section.120}{\376\377\000B\000Z\000O\000J\0002\0001\0002\0007\000-\000H\000a\000p\000p\000i\000n\000e\000s\000s}{}% 120
\BOOKMARK [1][-]{section.121}{\376\377\000B\000Z\000O\000J\0002\0000\0003\0009\000-\000E\000m\000p\000l\000o\000y}{}% 121
\BOOKMARK [1][-]{section.122}{\376\377\000B\000Z\000O\000J\0001\0003\0001\0001\000-\147\000\117\030\123\213\177\051}{}% 122
\BOOKMARK [1][-]{section.123}{\376\377\000B\000Z\000O\000J\0002\0005\0002\0001\000-\000S\000H\000O\000I\0001\0000\147\000\134\017\165\037\142\020\150\021}{}% 123
\BOOKMARK [1][-]{section.124}{\376\377\000U\000O\000J\000-\000A\000+\000B\000\040\000P\000r\000o\000b\000l\000e\000m}{}% 124
\BOOKMARK [1][-]{section.125}{\376\377\000L\000i\000b\000r\000e\000O\000J\0002\0001\0004\0006\000-\000S\000H\000O\000I\0001\0007\133\377\123\370\231\020\123\205}{}% 125
\BOOKMARK [1][-]{section.126}{\376\377\0005\0001\000n\000o\000d\0001\0003\0002\0005\000-\116\044\150\365\150\021\166\204\225\356\230\230}{}% 126
\BOOKMARK [1][-]{section.127}{\376\377\000B\000Z\000O\000J\0002\0001\0003\0002\000-\127\010\127\060\213\241\122\022}{}% 127
\BOOKMARK [1][-]{section.128}{\376\377\000B\000Z\000O\000J\0001\0003\0002\0004\000-\000E\000x\000c\000a\163\213\200\005\116\113\122\121}{}% 128
\BOOKMARK [1][-]{section.129}{\376\377\000D\000e\000s\000t\000r\000o\000y\000\040\000T\000r\000a\000n\000s\000p\000o\000r\000t\000a\000t\000i\000o\000n\000\040\000s\000y\000s\000t\000e\000m}{}% 129
\BOOKMARK [1][-]{section.130}{\376\377\000L\000i\000b\000r\000e\000O\000J\000-\226\305\171\074\226\306\213\255\0002\0000\0001\0007\000\040\000D\000a\000y\0008\000\040\116\367}{}% 130
\BOOKMARK [1][-]{section.131}{\376\377\000B\000Z\000O\000J\0002\0002\0008\0005\000-\000S\000D\000O\000I\0001\0001\117\335\133\306}{}% 131
\BOOKMARK [1][-]{section.132}{\376\377\000B\000Z\000O\000J\0003\0009\0009\0003\000-\000S\000D\000O\000I\0001\0005\146\037\226\105\142\030\116\211}{}% 132
\BOOKMARK [1][-]{section.133}{\376\377\000B\000Z\000O\000J\0003\0008\0009\0004\000-\145\207\164\006\122\006\171\321}{}% 133
\BOOKMARK [1][-]{section.134}{\376\377\225\177\220\341\226\306\213\255\000D\000a\000y\0004\000-\000g\000i\000f\000t}{}% 134
\BOOKMARK [1][-]{section.135}{\376\377\000C\000o\000d\000e\000f\000o\000r\000c\000e\000s\0008\0000\0008\000F\000-\000C\000a\000r\000d\000\040\000G\000a\000m\000e}{}% 135
\BOOKMARK [1][-]{section.136}{\376\377\000T\000e\000n\000c\000e\000n\000t}{}% 136
\BOOKMARK [1][-]{section.137}{\376\377\000L\000i\000b\000r\000e\000O\000J\000-\231\020\135\376\213\241\122\022}{}% 137
\BOOKMARK [1][-]{section.138}{\376\377\000L\000i\000b\000r\000e\000O\000J\000-\147\000\225\177\000k\123\357\221\315\123\072\225\364\226\306}{}% 138
\BOOKMARK [1][-]{section.139}{\376\377\000B\000Z\000O\000J\0003\0001\0004\0004\000-\122\007\174\325}{}% 139
\BOOKMARK [1][-]{section.140}{\376\377\000T\000o\000p\000C\000o\000d\000e\000r\000-\000F\000o\000x\000\040\000A\000n\000d\000\040\000C\000i\000t\000y}{}% 140
\BOOKMARK [1][-]{section.141}{\376\377\000B\000Z\000O\000J\0002\0002\0002\0009\000-\000Z\000J\000O\000I\0001\0001\147\000\134\017\122\162}{}% 141
\BOOKMARK [1][-]{section.142}{\376\377\000B\000Z\000O\000J\0003\0001\0007\0001\000-\000T\000J\000O\000I\0001\0001\137\252\163\257\150\074}{}% 142
\BOOKMARK [1][-]{section.143}{\376\377\000B\000Z\000O\000J\0003\0004\0004\0002\000-\133\146\116\140\134\017\176\304}{}% 143
\BOOKMARK [1][-]{section.144}{\376\377\000B\000Z\000O\000J\0004\0002\0000\0005\000-\123\141\162\114\221\115\133\371}{}% 144
\BOOKMARK [1][-]{section.145}{\376\377\000B\000Z\000O\000J\0001\0002\0008\0003\000-\136\217\122\027}{}% 145
\BOOKMARK [1][-]{section.146}{\376\377\000B\000Z\000O\000J\0001\0004\0004\0009\000-\164\003\226\037\145\066\166\312}{}% 146
\BOOKMARK [1][-]{section.147}{\376\377\000B\000Z\000O\000J\0002\0008\0007\0009\000-\177\216\230\337\202\202}{}% 147
\BOOKMARK [1][-]{section.148}{\376\377\000B\000Z\000O\000J\0004\0005\0001\0004\000-\145\160\133\127\221\115\133\371}{}% 148
\BOOKMARK [1][-]{section.149}{\376\377\000B\000Z\000O\000J\0001\0000\0000\0001\000-\162\374\142\223\121\124\133\120}{}% 149
\BOOKMARK [1][-]{section.150}{\376\377\000B\000Z\000O\000J\0001\0000\0006\0001\000-\137\327\141\077\200\005\142\333\122\337}{}% 150
\BOOKMARK [1][-]{section.151}{\376\377\000B\000Z\000O\000J\0003\0001\0001\0002\000-\226\062\133\210\142\030\176\277}{}% 151
\BOOKMARK [1][-]{section.152}{\376\377\000B\000Z\000O\000J\0001\0009\0002\0007\000-\146\037\226\105\172\336\220\037}{}% 152
\BOOKMARK [1][-]{section.153}{\376\377\000V\000i\000j\000o\000s\0001\0008\0009\0001\000-\133\146\131\320\166\204\220\033\210\127\213\241\122\022}{}% 153
\BOOKMARK [1][-]{section.154}{\376\377\000B\000Z\000O\000J\0001\0009\0003\0000\000-\000P\000a\000c\000m\000a\000n\000\040\124\003\214\106\214\106}{}% 154
\BOOKMARK [1][-]{section.155}{\376\377\000B\000Z\000O\000J\0002\0005\0009\0007\000-\000W\000C\0000\0007\122\152\122\000\167\363\131\064\136\003}{}% 155
\BOOKMARK [1][-]{section.156}{\376\377\000B\000Z\000O\000J\0002\0004\0000\0006\000-\167\351\226\065}{}% 156
\BOOKMARK [1][-]{section.157}{\376\377\000B\000Z\000O\000J\0002\0005\0006\0000\000-\116\062\163\340\133\120}{}% 157
\BOOKMARK [1][-]{section.158}{\376\377\000W\000a\000l\000k}{}% 158
\BOOKMARK [1][-]{section.159}{\376\377\000T\000i\000c\000k\000e\000t}{}% 159
\BOOKMARK [1][-]{section.160}{\376\377\000B\000Z\000O\000J\0003\0000\0003\0006\000-\176\377\214\106\206\331\166\204\137\122\133\277}{}% 160
\BOOKMARK [1][-]{section.161}{\376\377\000C\000o\000d\000e\000f\000o\000r\000c\000e\000s\0005\0001\0008\000D\000-\000I\000I\000y\000a\000\040\000a\000n\000d\000\040\000E\000s\000c\000a\000l\000a\000t\000o\000r}{}% 161
\BOOKMARK [1][-]{section.162}{\376\377\000B\000Z\000O\000J\0001\0004\0001\0009\000-\000R\000e\000d\000\040\000i\000s\000\040\000g\000o\000o\000d}{}% 162
\BOOKMARK [1][-]{section.163}{\376\377\000B\000Z\000O\000J\0004\0003\0005\0000\000-\000E\000a\000s\000y}{}% 163
\BOOKMARK [1][-]{section.164}{\376\377\000B\000Z\000O\000J\0004\0003\0001\0008\000-\000O\000S\000U\000!}{}% 164
\BOOKMARK [1][-]{section.165}{\376\377\000C\000O\000G\000S\0001\0004\0008\0009\000-\163\251\176\270\162\114}{}% 165
\BOOKMARK [1][-]{section.166}{\376\377\000C\000O\000G\000S\0001\0004\0008\0007\000-\236\273\164\003\176\101\210\115}{}% 166
\BOOKMARK [1][-]{section.167}{\376\377\000C\000o\000d\000e\000f\000o\000r\000c\000e\000s\0003\0009\0008\000B\000-\000P\000a\000i\000n\000t\000i\000n\000g\000\040\000T\000h\000e\000\040\000W\000a\000l\000l}{}% 167
\BOOKMARK [1][-]{section.168}{\376\377\000Z\000O\000J\0003\0003\0002\0009\000-\000O\000n\000t\000\040\000P\000e\000r\000s\000o\000n\000\040\000G\000a\000m\000e}{}% 168
\BOOKMARK [1][-]{section.169}{\376\377\000H\000d\000u\0004\0000\0003\0005\000-\000M\000a\000z\000e}{}% 169
\BOOKMARK [1][-]{section.170}{\376\377\000H\000d\000u\0004\0000\0003\0005\000-\000M\000a\000z\000e}{}% 170
\BOOKMARK [1][-]{section.171}{\376\377\137\002\142\026}{}% 171
\BOOKMARK [1][-]{section.172}{\376\377\000C\000o\000d\000e\000f\000o\000r\000c\000e\000s\0001\0002\0003\000E\000-\000M\000a\000z\000e}{}% 172
