\BOOKMARK [1][-]{section.1}{\376\377\147\000\131\047\155\101\152\041\127\213}{}% 1
\BOOKMARK [2][-]{subsection.1.1}{\376\377\173\200\123\125\147\000\131\047\155\101\152\041\127\213}{section.1}% 2
\BOOKMARK [1][-]{section.2}{\376\377\147\000\134\017\122\162\152\041\127\213}{}% 3
\BOOKMARK [2][-]{subsection.2.1}{\376\377\116\316\147\000\134\017\122\162\133\232\116\111\121\372\123\321\166\204\147\204\126\376}{section.2}% 4
\BOOKMARK [2][-]{subsection.2.2}{\376\377\147\000\134\017\122\162\116\016\147\000\131\047\147\103\225\355\124\010\133\120\126\376}{section.2}% 5
\BOOKMARK [2][-]{subsection.2.3}{\376\377\147\000\134\017\122\162\116\016\116\214\121\103\176\304\152\041\127\213}{section.2}% 6
\BOOKMARK [2][-]{subsection.2.4}{\376\377\147\000\134\017\122\162\116\016\215\335\171\273\226\120\122\066\152\041\127\213}{section.2}% 7
\BOOKMARK [1][-]{section.3}{\376\377\123\357\143\001\116\105\123\026\176\277\153\265\150\021\166\204\127\372\170\100\136\224\165\050}{}% 8
\BOOKMARK [2][-]{subsection.3.1}{\376\377\116\000\174\173\176\364\142\244\136\217\122\027\116\055\147\320\116\052\123\072\225\364\117\341\140\157\166\204\225\356\230\230}{section.3}% 9
\BOOKMARK [1][-]{section.4}{\376\377\122\250\140\001\137\000\160\271\176\277\153\265\150\021\166\204\127\372\170\100\136\224\165\050}{}% 10
\BOOKMARK [1][-]{section.5}{\376\377\176\277\153\265\150\021\124\010\136\166\166\204\127\372\170\100\136\224\165\050}{}% 11
\BOOKMARK [2][-]{subsection.5.1}{\376\377\116\000\174\173\200\003\206\121\133\120\150\021\133\371\162\066\116\262\166\204\215\041\163\056\166\204\225\356\230\230}{section.5}% 12
\BOOKMARK [1][-]{section.6}{\376\377\176\277\153\265\150\021\131\127\176\277\153\265\150\021\166\204\127\372\170\100\136\224\165\050}{}% 13
\BOOKMARK [1][-]{section.7}{\376\377\176\277\153\265\150\021\117\134\116\072\217\205\122\251\145\160\143\156\176\323\147\204\166\204\116\000\116\233\225\356\230\230}{}% 14
\BOOKMARK [2][-]{subsection.7.1}{\376\377\165\050\176\277\153\265\150\021\117\030\123\026\000d\000p}{section.7}% 15
\BOOKMARK [2][-]{subsection.7.2}{\376\377\165\050\176\277\153\265\150\021\122\044\145\255\133\214\177\216\123\071\221\115}{section.7}% 16
\BOOKMARK [2][-]{subsection.7.3}{\376\377\165\050\176\277\153\265\150\021\152\041\142\337\215\071\165\050\155\101}{section.7}% 17
\BOOKMARK [1][-]{section.8}{\376\377\176\277\153\265\150\021\225\356\230\230\166\204\116\000\116\233\134\017\142\200\135\347}{}% 18
\BOOKMARK [2][-]{subsection.8.1}{\376\377\116\013\150\007\147\011\121\163}{section.8}% 19
\BOOKMARK [2][-]{subsection.8.2}{\376\377\116\000\174\173\121\163\116\216\133\120\116\062\166\204\225\356\230\230}{section.8}% 20
